<?xml version="1.0" encoding="UTF-8"?>
<beans xmlns="http://www.springframework.org/schema/beans"
	xmlns:xsi="http://www.w3.org/2001/XMLSchema-instance" xmlns:context="http://www.springframework.org/schema/context"
	xmlns:tx="http://www.springframework.org/schema/tx" xmlns:p="http://www.springframework.org/schema/p"
	xmlns:aop="http://www.springframework.org/schema/aop" xmlns:jpa="http://www.springframework.org/schema/data/jpa"
	xmlns:jdbc="http://www.springframework.org/schema/jdbc"
	xsi:schemaLocation="http://www.springframework.org/schema/beans
http://www.springframework.org/schema/beans/spring-beans-3.0.xsd
http://www.springframework.org/schema/context
http://www.springframework.org/schema/context/spring-context-3.0.xsd
http://www.springframework.org/schema/tx
http://www.springframework.org/schema/tx/spring-tx-3.0.xsd
http://www.springframework.org/schema/aop
http://www.springframework.org/schema/aop/spring-aop-3.0.xsd
http://www.springframework.org/schema/data/jpa
http://www.springframework.org/schema/data/jpa/spring-jpa.xsd
http://www.springframework.org/schema/jdbc 
                       http://www.springframework.org/schema/jdbc/spring-jdbc.xsd">

	

	<bean id="placeholderConfig"
		class="org.springframework.beans.factory.config.PropertyPlaceholderConfigurer">
		<property name="location">
			<value>classpath:application-test.properties</value>
		</property>
		<property name="systemPropertiesModeName">
			<value>SYSTEM_PROPERTIES_MODE_OVERRIDE</value>
		</property>
	</bean>

	<tx:annotation-driven/>
	<context:component-scan base-package="de.atomfrede" />
	<context:annotation-config />
	
	<bean
		id="dataSource"
		class="com.mchange.v2.c3p0.ComboPooledDataSource">
		<property name="driverClass">
			<value>${jdbc.driver}</value>
		</property>
		<property name="jdbcUrl">
			<value>${jdbc.url}</value>
		</property>
		<property name="user">
			<value>${jdbc.username}</value>
		</property>
		<property name="password">
			<value>${jdbc.password}</value>
		</property>
		<property name="minPoolSize">
			<value>${c3p0.minPoolSize}</value>
		</property>
		<property name="maxPoolSize">
			<value>${c3p0.maxPoolSize}</value>
		</property>
		<property name="checkoutTimeout">
			<!-- Give up waiting for a connection after this many milliseconds -->
			<value>${c3p0.checkoutTimeout}</value>
		</property>
		<property name="maxIdleTime">
			<value>${c3p0.maxIdleTime}</value>
		</property>
		<property name="idleConnectionTestPeriod">
			<value>${c3p0.idleConnectionTestPeriod}</value>
		</property>
		<property name="automaticTestTable">
			<value>${c3p0.automaticTestTable}</value>
		</property>
	</bean>
	
	<bean id="entityManagerFactory"
		class="org.springframework.orm.jpa.LocalContainerEntityManagerFactoryBean">
		<property name="dataSource" ref="dataSource" />
		<property name="jpaVendorAdapter">
			<bean class="org.springframework.orm.jpa.vendor.HibernateJpaVendorAdapter" />
		</property>
	</bean>

	<bean id="transactionManager" class="org.springframework.orm.jpa.JpaTransactionManager">
		<property name="entityManagerFactory" ref="entityManagerFactory" />
	</bean>



	<jpa:repositories base-package="de.atomfrede.bookshelf.domain.repository" />
</beans>